{"/Users/igorvolk/WebstormProjects/sainsburys-test/src/App.js": {"path":"/Users/igorvolk/WebstormProjects/sainsburys-test/src/App.js","statementMap":{"0":{"start":{"line":13,"column":4},"end":{"line":13,"column":17}},"1":{"start":{"line":14,"column":4},"end":{"line":14,"column":69}},"2":{"start":{"line":15,"column":4},"end":{"line":15,"column":61}},"3":{"start":{"line":19,"column":4},"end":{"line":19,"column":26}},"4":{"start":{"line":23,"column":4},"end":{"line":23,"column":52}},"5":{"start":{"line":27,"column":19},"end":{"line":31,"column":6}},"6":{"start":{"line":33,"column":4},"end":{"line":33,"column":20}},"7":{"start":{"line":37,"column":4},"end":{"line":64,"column":6}},"8":{"start":{"line":57,"column":31},"end":{"line":57,"column":52}},"9":{"start":{"line":68,"column":0},"end":{"line":72,"column":2}}},"fnMap":{"0":{"name":"(anonymous_0)","decl":{"start":{"line":12,"column":2},"end":{"line":12,"column":3}},"loc":{"start":{"line":12,"column":21},"end":{"line":16,"column":3}},"line":12},"1":{"name":"(anonymous_1)","decl":{"start":{"line":18,"column":2},"end":{"line":18,"column":3}},"loc":{"start":{"line":18,"column":22},"end":{"line":20,"column":3}},"line":18},"2":{"name":"(anonymous_2)","decl":{"start":{"line":22,"column":2},"end":{"line":22,"column":3}},"loc":{"start":{"line":22,"column":26},"end":{"line":24,"column":3}},"line":22},"3":{"name":"(anonymous_3)","decl":{"start":{"line":26,"column":2},"end":{"line":26,"column":3}},"loc":{"start":{"line":26,"column":21},"end":{"line":34,"column":3}},"line":26},"4":{"name":"(anonymous_4)","decl":{"start":{"line":36,"column":2},"end":{"line":36,"column":3}},"loc":{"start":{"line":36,"column":11},"end":{"line":65,"column":3}},"line":36},"5":{"name":"(anonymous_5)","decl":{"start":{"line":57,"column":22},"end":{"line":57,"column":23}},"loc":{"start":{"line":57,"column":31},"end":{"line":57,"column":52}},"line":57}},"branchMap":{},"s":{"0":3,"1":3,"2":3,"3":3,"4":1,"5":3,"6":3,"7":3,"8":0,"9":2},"f":{"0":3,"1":3,"2":1,"3":3,"4":3,"5":0},"b":{},"_coverageSchema":"332fd63041d2c1bcb487cc26dd0d5f7d97098a6c","hash":"997532071b14724785cf4738eecb98be760368cd"}
,"/Users/igorvolk/WebstormProjects/sainsburys-test/src/AppContainer.js": {"path":"/Users/igorvolk/WebstormProjects/sainsburys-test/src/AppContainer.js","statementMap":{"0":{"start":{"line":9,"column":24},"end":{"line":11,"column":2}},"1":{"start":{"line":9,"column":34},"end":{"line":11,"column":1}},"2":{"start":{"line":13,"column":27},"end":{"line":20,"column":3}},"3":{"start":{"line":14,"column":2},"end":{"line":20,"column":3}},"4":{"start":{"line":22,"column":21},"end":{"line":25,"column":6}}},"fnMap":{"0":{"name":"(anonymous_0)","decl":{"start":{"line":9,"column":24},"end":{"line":9,"column":25}},"loc":{"start":{"line":9,"column":34},"end":{"line":11,"column":1}},"line":9},"1":{"name":"(anonymous_1)","decl":{"start":{"line":13,"column":27},"end":{"line":13,"column":28}},"loc":{"start":{"line":14,"column":2},"end":{"line":20,"column":3}},"line":14}},"branchMap":{},"s":{"0":1,"1":2,"2":1,"3":1,"4":1},"f":{"0":2,"1":1},"b":{},"_coverageSchema":"332fd63041d2c1bcb487cc26dd0d5f7d97098a6c","hash":"360af55a7d6cc666cb9e5f993de7eacde330dcb9"}
,"/Users/igorvolk/WebstormProjects/sainsburys-test/src/configureStore.js": {"path":"/Users/igorvolk/WebstormProjects/sainsburys-test/src/configureStore.js","statementMap":{"0":{"start":{"line":1,"column":13},"end":{"line":1,"column":75}},"1":{"start":{"line":1,"column":75},"end":{"line":15,"column":15}},"2":{"start":{"line":15,"column":28},"end":{"line":15,"column":44}},"3":{"start":{"line":15,"column":63},"end":{"line":15,"column":85}},"4":{"start":{"line":15,"column":105},"end":{"line":15,"column":140}},"5":{"start":{"line":15,"column":161},"end":{"line":15,"column":185}},"6":{"start":{"line":15,"column":201},"end":{"line":15,"column":237}},"7":{"start":{"line":15,"column":254},"end":{"line":15,"column":286}},"8":{"start":{"line":15,"column":306},"end":{"line":15,"column":336}},"9":{"start":{"line":15,"column":357},"end":{"line":15,"column":393}},"10":{"start":{"line":15,"column":432},"end":{"line":15,"column":486}},"11":{"start":{"line":15,"column":509},"end":{"line":15,"column":552}},"12":{"start":{"line":15,"column":578},"end":{"line":15,"column":649}},"13":{"start":{"line":16,"column":14},"end":{"line":16,"column":106}},"14":{"start":{"line":17,"column":18},"end":{"line":17,"column":56}},"15":{"start":{"line":19,"column":2},"end":{"line":19,"column":30}}},"fnMap":{"0":{"name":"_interopRequireDefault","decl":{"start":{"line":15,"column":403},"end":{"line":15,"column":425}},"loc":{"start":{"line":15,"column":431},"end":{"line":15,"column":487}},"line":15},"1":{"name":"configureStore","decl":{"start":{"line":15,"column":659},"end":{"line":15,"column":673}},"loc":{"start":{"line":15,"column":676},"end":{"line":20,"column":1}},"line":15}},"branchMap":{"0":{"loc":{"start":{"line":15,"column":439},"end":{"line":15,"column":485}},"type":"cond-expr","locations":[{"start":{"line":15,"column":463},"end":{"line":15,"column":466}},{"start":{"line":15,"column":469},"end":{"line":15,"column":485}}],"line":15},"1":{"loc":{"start":{"line":15,"column":439},"end":{"line":15,"column":460}},"type":"binary-expr","locations":[{"start":{"line":15,"column":439},"end":{"line":15,"column":442}},{"start":{"line":15,"column":446},"end":{"line":15,"column":460}}],"line":15}},"s":{"0":0,"1":0,"2":0,"3":0,"4":0,"5":0,"6":0,"7":0,"8":0,"9":0,"10":0,"11":0,"12":0,"13":0,"14":0,"15":0},"f":{"0":0,"1":0},"b":{"0":[0,0],"1":[0,0]}}
,"/Users/igorvolk/WebstormProjects/sainsburys-test/src/index.js": {"path":"/Users/igorvolk/WebstormProjects/sainsburys-test/src/index.js","statementMap":{"0":{"start":{"line":1,"column":32},"end":{"line":1,"column":95}},"1":{"start":{"line":1,"column":109},"end":{"line":1,"column":125}},"2":{"start":{"line":1,"column":140},"end":{"line":1,"column":170}},"3":{"start":{"line":2,"column":16},"end":{"line":2,"column":36}},"4":{"start":{"line":2,"column":54},"end":{"line":2,"column":87}},"5":{"start":{"line":3,"column":14},"end":{"line":3,"column":56}},"6":{"start":{"line":4,"column":18},"end":{"line":4,"column":40}},"7":{"start":{"line":6,"column":0},"end":{"line":6,"column":31}},"8":{"start":{"line":7,"column":23},"end":{"line":7,"column":50}},"9":{"start":{"line":7,"column":74},"end":{"line":7,"column":114}},"10":{"start":{"line":8,"column":20},"end":{"line":8,"column":45}},"11":{"start":{"line":8,"column":67},"end":{"line":8,"column":104}},"12":{"start":{"line":9,"column":29},"end":{"line":9,"column":63}},"13":{"start":{"line":9,"column":94},"end":{"line":9,"column":140}},"14":{"start":{"line":9,"column":179},"end":{"line":9,"column":233}},"15":{"start":{"line":11,"column":0},"end":{"line":11,"column":31}},"16":{"start":{"line":11,"column":46},"end":{"line":11,"column":67}},"17":{"start":{"line":11,"column":80},"end":{"line":11,"column":105}},"18":{"start":{"line":13,"column":0},"end":{"line":19,"column":33}},"19":{"start":{"line":21,"column":0},"end":{"line":21,"column":39}}},"fnMap":{"0":{"name":"_interopRequireDefault","decl":{"start":{"line":9,"column":150},"end":{"line":9,"column":172}},"loc":{"start":{"line":9,"column":178},"end":{"line":9,"column":234}},"line":9}},"branchMap":{"0":{"loc":{"start":{"line":9,"column":186},"end":{"line":9,"column":232}},"type":"cond-expr","locations":[{"start":{"line":9,"column":210},"end":{"line":9,"column":213}},{"start":{"line":9,"column":216},"end":{"line":9,"column":232}}],"line":9},"1":{"loc":{"start":{"line":9,"column":186},"end":{"line":9,"column":207}},"type":"binary-expr","locations":[{"start":{"line":9,"column":186},"end":{"line":9,"column":189}},{"start":{"line":9,"column":193},"end":{"line":9,"column":207}}],"line":9}},"s":{"0":0,"1":0,"2":0,"3":0,"4":0,"5":0,"6":0,"7":0,"8":0,"9":0,"10":0,"11":0,"12":0,"13":0,"14":0,"15":0,"16":0,"17":0,"18":0,"19":0},"f":{"0":0},"b":{"0":[0,0],"1":[0,0]}}
,"/Users/igorvolk/WebstormProjects/sainsburys-test/src/registerServiceWorker.js": {"path":"/Users/igorvolk/WebstormProjects/sainsburys-test/src/registerServiceWorker.js","statementMap":{"0":{"start":{"line":1,"column":13},"end":{"line":1,"column":75}},"1":{"start":{"line":1,"column":75},"end":{"line":21,"column":9}},"2":{"start":{"line":21,"column":9},"end":{"line":111,"column":24}},"3":{"start":{"line":118,"column":20},"end":{"line":120,"column":89}},"4":{"start":{"line":120,"column":111},"end":{"line":128,"column":36}},"5":{"start":{"line":121,"column":22},"end":{"line":121,"column":70}},"6":{"start":{"line":121,"column":71},"end":{"line":124,"column":14}},"7":{"start":{"line":124,"column":6},"end":{"line":124,"column":13}},"8":{"start":{"line":124,"column":14},"end":{"line":128,"column":35}},"9":{"start":{"line":124,"column":67},"end":{"line":124,"column":112}},"10":{"start":{"line":124,"column":113},"end":{"line":128,"column":32}},"11":{"start":{"line":125,"column":8},"end":{"line":125,"column":39}},"12":{"start":{"line":127,"column":8},"end":{"line":127,"column":178}},"13":{"start":{"line":127,"column":50},"end":{"line":127,"column":175}},"14":{"start":{"line":128,"column":8},"end":{"line":128,"column":31}},"15":{"start":{"line":128,"column":70},"end":{"line":135,"column":156}},"16":{"start":{"line":128,"column":132},"end":{"line":135,"column":68}},"17":{"start":{"line":128,"column":193},"end":{"line":128,"column":216}},"18":{"start":{"line":128,"column":217},"end":{"line":135,"column":66}},"19":{"start":{"line":128,"column":257},"end":{"line":135,"column":64}},"20":{"start":{"line":128,"column":302},"end":{"line":135,"column":63}},"21":{"start":{"line":132,"column":12},"end":{"line":132,"column":69}},"22":{"start":{"line":135,"column":12},"end":{"line":135,"column":62}},"23":{"start":{"line":135,"column":87},"end":{"line":135,"column":153}},"24":{"start":{"line":136,"column":2},"end":{"line":139,"column":126}},"25":{"start":{"line":137,"column":4},"end":{"line":139,"column":30}},"26":{"start":{"line":138,"column":6},"end":{"line":138,"column":127}},"27":{"start":{"line":138,"column":58},"end":{"line":138,"column":124}},"28":{"start":{"line":138,"column":96},"end":{"line":138,"column":121}},"29":{"start":{"line":139,"column":6},"end":{"line":139,"column":29}},"30":{"start":{"line":139,"column":46},"end":{"line":139,"column":123}},"31":{"start":{"line":139,"column":150},"end":{"line":139,"column":267}},"32":{"start":{"line":139,"column":185},"end":{"line":139,"column":266}},"33":{"start":{"line":139,"column":237},"end":{"line":139,"column":263}}},"fnMap":{"0":{"name":"register","decl":{"start":{"line":120,"column":99},"end":{"line":120,"column":107}},"loc":{"start":{"line":120,"column":110},"end":{"line":128,"column":37}},"line":120},"1":{"name":"(anonymous_1)","decl":{"start":{"line":124,"column":46},"end":{"line":124,"column":47}},"loc":{"start":{"line":124,"column":52},"end":{"line":128,"column":33}},"line":124},"2":{"name":"(anonymous_2)","decl":{"start":{"line":127,"column":43},"end":{"line":127,"column":44}},"loc":{"start":{"line":127,"column":49},"end":{"line":127,"column":176}},"line":127},"3":{"name":"registerValidSW","decl":{"start":{"line":128,"column":46},"end":{"line":128,"column":61}},"loc":{"start":{"line":128,"column":69},"end":{"line":135,"column":157}},"line":128},"4":{"name":"(anonymous_4)","decl":{"start":{"line":128,"column":115},"end":{"line":128,"column":116}},"loc":{"start":{"line":128,"column":131},"end":{"line":135,"column":69}},"line":128},"5":{"name":"(anonymous_5)","decl":{"start":{"line":128,"column":161},"end":{"line":128,"column":162}},"loc":{"start":{"line":128,"column":167},"end":{"line":135,"column":67}},"line":128},"6":{"name":"(anonymous_6)","decl":{"start":{"line":128,"column":250},"end":{"line":128,"column":251}},"loc":{"start":{"line":128,"column":256},"end":{"line":135,"column":65}},"line":128},"7":{"name":"(anonymous_7)","decl":{"start":{"line":135,"column":77},"end":{"line":135,"column":78}},"loc":{"start":{"line":135,"column":86},"end":{"line":135,"column":154}},"line":135},"8":{"name":"checkValidServiceWorker","decl":{"start":{"line":135,"column":166},"end":{"line":135,"column":189}},"loc":{"start":{"line":135,"column":197},"end":{"line":139,"column":127}},"line":135},"9":{"name":"(anonymous_9)","decl":{"start":{"line":136,"column":20},"end":{"line":136,"column":21}},"loc":{"start":{"line":136,"column":32},"end":{"line":139,"column":31}},"line":136},"10":{"name":"(anonymous_10)","decl":{"start":{"line":138,"column":41},"end":{"line":138,"column":42}},"loc":{"start":{"line":138,"column":57},"end":{"line":138,"column":125}},"line":138},"11":{"name":"(anonymous_11)","decl":{"start":{"line":138,"column":89},"end":{"line":138,"column":90}},"loc":{"start":{"line":138,"column":95},"end":{"line":138,"column":122}},"line":138},"12":{"name":"(anonymous_12)","decl":{"start":{"line":139,"column":39},"end":{"line":139,"column":40}},"loc":{"start":{"line":139,"column":45},"end":{"line":139,"column":124}},"line":139},"13":{"name":"unregister","decl":{"start":{"line":139,"column":136},"end":{"line":139,"column":146}},"loc":{"start":{"line":139,"column":149},"end":{"line":139,"column":268}},"line":139},"14":{"name":"(anonymous_14)","decl":{"start":{"line":139,"column":220},"end":{"line":139,"column":221}},"loc":{"start":{"line":139,"column":236},"end":{"line":139,"column":264}},"line":139}},"branchMap":{"0":{"loc":{"start":{"line":118,"column":28},"end":{"line":120,"column":88}},"type":"binary-expr","locations":[{"start":{"line":118,"column":28},"end":{"line":118,"column":68}},{"start":{"line":119,"column":0},"end":{"line":119,"column":36}},{"start":{"line":120,"column":0},"end":{"line":120,"column":88}}],"line":118},"1":{"loc":{"start":{"line":120,"column":111},"end":{"line":128,"column":36}},"type":"if","locations":[{"start":{"line":120,"column":111},"end":{"line":128,"column":36}},{"start":{"line":120,"column":111},"end":{"line":128,"column":36}}],"line":120},"2":{"loc":{"start":{"line":120,"column":115},"end":{"line":120,"column":184}},"type":"binary-expr","locations":[{"start":{"line":120,"column":115},"end":{"line":120,"column":152}},{"start":{"line":120,"column":156},"end":{"line":120,"column":184}}],"line":120},"3":{"loc":{"start":{"line":121,"column":71},"end":{"line":124,"column":14}},"type":"if","locations":[{"start":{"line":121,"column":71},"end":{"line":124,"column":14}},{"start":{"line":121,"column":71},"end":{"line":124,"column":14}}],"line":121},"4":{"loc":{"start":{"line":124,"column":113},"end":{"line":128,"column":32}},"type":"if","locations":[{"start":{"line":124,"column":113},"end":{"line":128,"column":32}},{"start":{"line":124,"column":113},"end":{"line":128,"column":32}}],"line":124},"5":{"loc":{"start":{"line":128,"column":257},"end":{"line":135,"column":64}},"type":"if","locations":[{"start":{"line":128,"column":257},"end":{"line":135,"column":64}},{"start":{"line":128,"column":257},"end":{"line":135,"column":64}}],"line":128},"6":{"loc":{"start":{"line":128,"column":302},"end":{"line":135,"column":63}},"type":"if","locations":[{"start":{"line":128,"column":302},"end":{"line":135,"column":63}},{"start":{"line":128,"column":302},"end":{"line":135,"column":63}}],"line":128},"7":{"loc":{"start":{"line":137,"column":4},"end":{"line":139,"column":30}},"type":"if","locations":[{"start":{"line":137,"column":4},"end":{"line":139,"column":30}},{"start":{"line":137,"column":4},"end":{"line":139,"column":30}}],"line":137},"8":{"loc":{"start":{"line":137,"column":8},"end":{"line":137,"column":100}},"type":"binary-expr","locations":[{"start":{"line":137,"column":8},"end":{"line":137,"column":31}},{"start":{"line":137,"column":35},"end":{"line":137,"column":100}}],"line":137},"9":{"loc":{"start":{"line":139,"column":150},"end":{"line":139,"column":267}},"type":"if","locations":[{"start":{"line":139,"column":150},"end":{"line":139,"column":267}},{"start":{"line":139,"column":150},"end":{"line":139,"column":267}}],"line":139}},"s":{"0":0,"1":0,"2":0,"3":0,"4":0,"5":0,"6":0,"7":0,"8":0,"9":0,"10":0,"11":0,"12":0,"13":0,"14":0,"15":0,"16":0,"17":0,"18":0,"19":0,"20":0,"21":0,"22":0,"23":0,"24":0,"25":0,"26":0,"27":0,"28":0,"29":0,"30":0,"31":0,"32":0,"33":0},"f":{"0":0,"1":0,"2":0,"3":0,"4":0,"5":0,"6":0,"7":0,"8":0,"9":0,"10":0,"11":0,"12":0,"13":0,"14":0},"b":{"0":[0,0,0],"1":[0,0],"2":[0,0],"3":[0,0],"4":[0,0],"5":[0,0],"6":[0,0],"7":[0,0],"8":[0,0],"9":[0,0]}}
,"/Users/igorvolk/WebstormProjects/sainsburys-test/src/setupTests.js": {"path":"/Users/igorvolk/WebstormProjects/sainsburys-test/src/setupTests.js","statementMap":{"0":{"start":{"line":4,"column":0},"end":{"line":4,"column":45}}},"fnMap":{},"branchMap":{},"s":{"0":6},"f":{},"b":{},"_coverageSchema":"332fd63041d2c1bcb487cc26dd0d5f7d97098a6c","hash":"3869de74517634954c5fb524362f08c803a0aed9"}
,"/Users/igorvolk/WebstormProjects/sainsburys-test/src/components/NoMatch.js": {"path":"/Users/igorvolk/WebstormProjects/sainsburys-test/src/components/NoMatch.js","statementMap":{"0":{"start":{"line":3,"column":16},"end":{"line":3,"column":43}},"1":{"start":{"line":3,"column":25},"end":{"line":3,"column":43}}},"fnMap":{"0":{"name":"(anonymous_0)","decl":{"start":{"line":3,"column":16},"end":{"line":3,"column":17}},"loc":{"start":{"line":3,"column":25},"end":{"line":3,"column":43}},"line":3}},"branchMap":{},"s":{"0":2,"1":0},"f":{"0":0},"b":{},"_coverageSchema":"332fd63041d2c1bcb487cc26dd0d5f7d97098a6c","hash":"6fdf6c09c63b17c3f554f76b7d85a898979b7670"}
,"/Users/igorvolk/WebstormProjects/sainsburys-test/src/components/helpers.js": {"path":"/Users/igorvolk/WebstormProjects/sainsburys-test/src/components/helpers.js","statementMap":{"0":{"start":{"line":1,"column":23},"end":{"line":3,"column":1}},"1":{"start":{"line":2,"column":2},"end":{"line":2,"column":44}},"2":{"start":{"line":5,"column":24},"end":{"line":9,"column":14}},"3":{"start":{"line":6,"column":2},"end":{"line":9,"column":14}}},"fnMap":{"0":{"name":"(anonymous_0)","decl":{"start":{"line":1,"column":23},"end":{"line":1,"column":24}},"loc":{"start":{"line":1,"column":30},"end":{"line":3,"column":1}},"line":1},"1":{"name":"(anonymous_1)","decl":{"start":{"line":5,"column":24},"end":{"line":5,"column":25}},"loc":{"start":{"line":6,"column":2},"end":{"line":9,"column":14}},"line":6}},"branchMap":{},"s":{"0":3,"1":1,"2":3,"3":1},"f":{"0":1,"1":1},"b":{},"_coverageSchema":"332fd63041d2c1bcb487cc26dd0d5f7d97098a6c","hash":"46a838d5a5e2302d5c83f51fa63ecd4c3a305119"}
,"/Users/igorvolk/WebstormProjects/sainsburys-test/src/components/Results/Results.js": {"path":"/Users/igorvolk/WebstormProjects/sainsburys-test/src/components/Results/Results.js","statementMap":{"0":{"start":{"line":10,"column":24},"end":{"line":16,"column":1}},"1":{"start":{"line":11,"column":37},"end":{"line":11,"column":42}},"2":{"start":{"line":12,"column":29},"end":{"line":12,"column":56}},"3":{"start":{"line":13,"column":14},"end":{"line":13,"column":83}},"4":{"start":{"line":15,"column":2},"end":{"line":15,"column":19}},"5":{"start":{"line":18,"column":18},"end":{"line":22,"column":1}},"6":{"start":{"line":19,"column":2},"end":{"line":21,"column":3}},"7":{"start":{"line":20,"column":4},"end":{"line":20,"column":27}},"8":{"start":{"line":24,"column":22},"end":{"line":54,"column":1}},"9":{"start":{"line":25,"column":2},"end":{"line":53,"column":19}},"10":{"start":{"line":31,"column":28},"end":{"line":31,"column":50}},"11":{"start":{"line":32,"column":29},"end":{"line":32,"column":52}},"12":{"start":{"line":40,"column":28},"end":{"line":40,"column":50}},"13":{"start":{"line":41,"column":29},"end":{"line":41,"column":52}},"14":{"start":{"line":49,"column":28},"end":{"line":49,"column":50}},"15":{"start":{"line":50,"column":29},"end":{"line":50,"column":52}},"16":{"start":{"line":56,"column":16},"end":{"line":65,"column":1}},"17":{"start":{"line":57,"column":2},"end":{"line":64,"column":8}}},"fnMap":{"0":{"name":"(anonymous_0)","decl":{"start":{"line":10,"column":24},"end":{"line":10,"column":25}},"loc":{"start":{"line":10,"column":33},"end":{"line":16,"column":1}},"line":10},"1":{"name":"(anonymous_1)","decl":{"start":{"line":18,"column":18},"end":{"line":18,"column":19}},"loc":{"start":{"line":18,"column":36},"end":{"line":22,"column":1}},"line":18},"2":{"name":"(anonymous_2)","decl":{"start":{"line":24,"column":22},"end":{"line":24,"column":23}},"loc":{"start":{"line":25,"column":2},"end":{"line":53,"column":19}},"line":25},"3":{"name":"(anonymous_3)","decl":{"start":{"line":31,"column":22},"end":{"line":31,"column":23}},"loc":{"start":{"line":31,"column":28},"end":{"line":31,"column":50}},"line":31},"4":{"name":"(anonymous_4)","decl":{"start":{"line":32,"column":20},"end":{"line":32,"column":21}},"loc":{"start":{"line":32,"column":29},"end":{"line":32,"column":52}},"line":32},"5":{"name":"(anonymous_5)","decl":{"start":{"line":40,"column":22},"end":{"line":40,"column":23}},"loc":{"start":{"line":40,"column":28},"end":{"line":40,"column":50}},"line":40},"6":{"name":"(anonymous_6)","decl":{"start":{"line":41,"column":20},"end":{"line":41,"column":21}},"loc":{"start":{"line":41,"column":29},"end":{"line":41,"column":52}},"line":41},"7":{"name":"(anonymous_7)","decl":{"start":{"line":49,"column":22},"end":{"line":49,"column":23}},"loc":{"start":{"line":49,"column":28},"end":{"line":49,"column":50}},"line":49},"8":{"name":"(anonymous_8)","decl":{"start":{"line":50,"column":20},"end":{"line":50,"column":21}},"loc":{"start":{"line":50,"column":29},"end":{"line":50,"column":52}},"line":50},"9":{"name":"(anonymous_9)","decl":{"start":{"line":56,"column":16},"end":{"line":56,"column":17}},"loc":{"start":{"line":57,"column":2},"end":{"line":64,"column":8}},"line":57}},"branchMap":{"0":{"loc":{"start":{"line":19,"column":2},"end":{"line":21,"column":3}},"type":"if","locations":[{"start":{"line":19,"column":2},"end":{"line":21,"column":3}},{"start":{"line":19,"column":2},"end":{"line":21,"column":3}}],"line":19}},"s":{"0":2,"1":0,"2":0,"3":0,"4":0,"5":2,"6":0,"7":0,"8":2,"9":0,"10":0,"11":0,"12":0,"13":0,"14":0,"15":0,"16":2,"17":0},"f":{"0":0,"1":0,"2":0,"3":0,"4":0,"5":0,"6":0,"7":0,"8":0,"9":0},"b":{"0":[0,0]},"_coverageSchema":"332fd63041d2c1bcb487cc26dd0d5f7d97098a6c","hash":"8c5d4a222ee5c129652bcef0ef51a5026a92b144"}
,"/Users/igorvolk/WebstormProjects/sainsburys-test/src/components/Results/ResultsContainer.js": {"path":"/Users/igorvolk/WebstormProjects/sainsburys-test/src/components/Results/ResultsContainer.js","statementMap":{"0":{"start":{"line":6,"column":24},"end":{"line":8,"column":2}},"1":{"start":{"line":6,"column":34},"end":{"line":8,"column":1}},"2":{"start":{"line":10,"column":25},"end":{"line":13,"column":10}}},"fnMap":{"0":{"name":"(anonymous_0)","decl":{"start":{"line":6,"column":24},"end":{"line":6,"column":25}},"loc":{"start":{"line":6,"column":34},"end":{"line":8,"column":1}},"line":6}},"branchMap":{},"s":{"0":2,"1":0,"2":2},"f":{"0":0},"b":{},"_coverageSchema":"332fd63041d2c1bcb487cc26dd0d5f7d97098a6c","hash":"6bdc38200050a3959c4c2735c0cc4ecf9191cd6c"}
,"/Users/igorvolk/WebstormProjects/sainsburys-test/src/components/Results/index.js": {"path":"/Users/igorvolk/WebstormProjects/sainsburys-test/src/components/Results/index.js","statementMap":{},"fnMap":{},"branchMap":{},"s":{},"f":{},"b":{},"_coverageSchema":"332fd63041d2c1bcb487cc26dd0d5f7d97098a6c","hash":"72b2521792fce79d3c156f88220887ea8d72a139"}
,"/Users/igorvolk/WebstormProjects/sainsburys-test/src/components/Results/listings/Large.js": {"path":"/Users/igorvolk/WebstormProjects/sainsburys-test/src/components/Results/listings/Large.js","statementMap":{"0":{"start":{"line":4,"column":26},"end":{"line":13,"column":1}},"1":{"start":{"line":5,"column":2},"end":{"line":12,"column":4}},"2":{"start":{"line":15,"column":14},"end":{"line":53,"column":1}},"3":{"start":{"line":16,"column":2},"end":{"line":52,"column":8}}},"fnMap":{"0":{"name":"(anonymous_0)","decl":{"start":{"line":4,"column":26},"end":{"line":4,"column":27}},"loc":{"start":{"line":4,"column":47},"end":{"line":13,"column":1}},"line":4},"1":{"name":"(anonymous_1)","decl":{"start":{"line":15,"column":14},"end":{"line":15,"column":15}},"loc":{"start":{"line":16,"column":2},"end":{"line":52,"column":8}},"line":16}},"branchMap":{},"s":{"0":2,"1":0,"2":2,"3":0},"f":{"0":0,"1":0},"b":{},"_coverageSchema":"332fd63041d2c1bcb487cc26dd0d5f7d97098a6c","hash":"bf673e101c18acc5176a191a8634131fcc577294"}
,"/Users/igorvolk/WebstormProjects/sainsburys-test/src/components/Results/listings/Medium.js": {"path":"/Users/igorvolk/WebstormProjects/sainsburys-test/src/components/Results/listings/Medium.js","statementMap":{"0":{"start":{"line":4,"column":15},"end":{"line":38,"column":1}},"1":{"start":{"line":5,"column":2},"end":{"line":37,"column":8}}},"fnMap":{"0":{"name":"(anonymous_0)","decl":{"start":{"line":4,"column":15},"end":{"line":4,"column":16}},"loc":{"start":{"line":5,"column":2},"end":{"line":37,"column":8}},"line":5}},"branchMap":{},"s":{"0":2,"1":0},"f":{"0":0},"b":{},"_coverageSchema":"332fd63041d2c1bcb487cc26dd0d5f7d97098a6c","hash":"5f8c1c20b2b1409e24f5f2ff0292f5e3e2058d80"}
,"/Users/igorvolk/WebstormProjects/sainsburys-test/src/components/Results/listings/Small.js": {"path":"/Users/igorvolk/WebstormProjects/sainsburys-test/src/components/Results/listings/Small.js","statementMap":{"0":{"start":{"line":4,"column":14},"end":{"line":30,"column":1}},"1":{"start":{"line":5,"column":2},"end":{"line":29,"column":8}}},"fnMap":{"0":{"name":"(anonymous_0)","decl":{"start":{"line":4,"column":14},"end":{"line":4,"column":15}},"loc":{"start":{"line":5,"column":2},"end":{"line":29,"column":8}},"line":5}},"branchMap":{},"s":{"0":2,"1":0},"f":{"0":0},"b":{},"_coverageSchema":"332fd63041d2c1bcb487cc26dd0d5f7d97098a6c","hash":"7e9adac52920577851886c872b4fc61ff9b3c2ed"}
,"/Users/igorvolk/WebstormProjects/sainsburys-test/src/components/Search/Search.js": {"path":"/Users/igorvolk/WebstormProjects/sainsburys-test/src/components/Search/Search.js","statementMap":{"0":{"start":{"line":5,"column":4},"end":{"line":5,"column":17}},"1":{"start":{"line":6,"column":4},"end":{"line":8,"column":6}},"2":{"start":{"line":9,"column":4},"end":{"line":9,"column":45}},"3":{"start":{"line":10,"column":4},"end":{"line":10,"column":55}},"4":{"start":{"line":14,"column":32},"end":{"line":14,"column":42}},"5":{"start":{"line":15,"column":28},"end":{"line":15,"column":38}},"6":{"start":{"line":16,"column":4},"end":{"line":16,"column":33}},"7":{"start":{"line":20,"column":22},"end":{"line":20,"column":30}},"8":{"start":{"line":21,"column":4},"end":{"line":23,"column":7}},"9":{"start":{"line":27,"column":4},"end":{"line":31,"column":6}},"10":{"start":{"line":35,"column":4},"end":{"line":40,"column":6}},"11":{"start":{"line":44,"column":4},"end":{"line":62,"column":6}}},"fnMap":{"0":{"name":"(anonymous_0)","decl":{"start":{"line":4,"column":2},"end":{"line":4,"column":3}},"loc":{"start":{"line":4,"column":21},"end":{"line":11,"column":3}},"line":4},"1":{"name":"(anonymous_1)","decl":{"start":{"line":13,"column":2},"end":{"line":13,"column":3}},"loc":{"start":{"line":13,"column":13},"end":{"line":17,"column":3}},"line":13},"2":{"name":"(anonymous_2)","decl":{"start":{"line":19,"column":2},"end":{"line":19,"column":3}},"loc":{"start":{"line":19,"column":19},"end":{"line":24,"column":3}},"line":19},"3":{"name":"(anonymous_3)","decl":{"start":{"line":26,"column":2},"end":{"line":26,"column":3}},"loc":{"start":{"line":26,"column":16},"end":{"line":32,"column":3}},"line":26},"4":{"name":"(anonymous_4)","decl":{"start":{"line":34,"column":2},"end":{"line":34,"column":3}},"loc":{"start":{"line":34,"column":20},"end":{"line":41,"column":3}},"line":34},"5":{"name":"(anonymous_5)","decl":{"start":{"line":43,"column":2},"end":{"line":43,"column":3}},"loc":{"start":{"line":43,"column":11},"end":{"line":63,"column":3}},"line":43}},"branchMap":{"0":{"loc":{"start":{"line":47,"column":11},"end":{"line":47,"column":77}},"type":"cond-expr","locations":[{"start":{"line":47,"column":34},"end":{"line":47,"column":56}},{"start":{"line":47,"column":59},"end":{"line":47,"column":77}}],"line":47}},"s":{"0":0,"1":0,"2":0,"3":0,"4":0,"5":0,"6":0,"7":0,"8":0,"9":0,"10":0,"11":0},"f":{"0":0,"1":0,"2":0,"3":0,"4":0,"5":0},"b":{"0":[0,0]},"_coverageSchema":"332fd63041d2c1bcb487cc26dd0d5f7d97098a6c","hash":"9c31e3c188cebd9e392f8572efd4c035a54b53f6"}
,"/Users/igorvolk/WebstormProjects/sainsburys-test/src/components/Search/SearchContainer.js": {"path":"/Users/igorvolk/WebstormProjects/sainsburys-test/src/components/Search/SearchContainer.js","statementMap":{"0":{"start":{"line":9,"column":24},"end":{"line":11,"column":2}},"1":{"start":{"line":9,"column":34},"end":{"line":11,"column":1}},"2":{"start":{"line":13,"column":27},"end":{"line":19,"column":3}},"3":{"start":{"line":14,"column":2},"end":{"line":19,"column":3}},"4":{"start":{"line":21,"column":24},"end":{"line":24,"column":9}}},"fnMap":{"0":{"name":"(anonymous_0)","decl":{"start":{"line":9,"column":24},"end":{"line":9,"column":25}},"loc":{"start":{"line":9,"column":34},"end":{"line":11,"column":1}},"line":9},"1":{"name":"(anonymous_1)","decl":{"start":{"line":13,"column":27},"end":{"line":13,"column":28}},"loc":{"start":{"line":14,"column":2},"end":{"line":19,"column":3}},"line":14}},"branchMap":{"0":{"loc":{"start":{"line":10,"column":13},"end":{"line":10,"column":51}},"type":"cond-expr","locations":[{"start":{"line":10,"column":39},"end":{"line":10,"column":44}},{"start":{"line":10,"column":47},"end":{"line":10,"column":51}}],"line":10}},"s":{"0":2,"1":0,"2":2,"3":0,"4":2},"f":{"0":0,"1":0},"b":{"0":[0,0]},"_coverageSchema":"332fd63041d2c1bcb487cc26dd0d5f7d97098a6c","hash":"b4783979254a54eab5c8f87e38b81d7bf7b524c2"}
,"/Users/igorvolk/WebstormProjects/sainsburys-test/src/components/Search/index.js": {"path":"/Users/igorvolk/WebstormProjects/sainsburys-test/src/components/Search/index.js","statementMap":{},"fnMap":{},"branchMap":{},"s":{},"f":{},"b":{},"_coverageSchema":"332fd63041d2c1bcb487cc26dd0d5f7d97098a6c","hash":"3146454c2092ad64c933c6960edb577b7fc0d55c"}
,"/Users/igorvolk/WebstormProjects/sainsburys-test/src/redux/actions.js": {"path":"/Users/igorvolk/WebstormProjects/sainsburys-test/src/redux/actions.js","statementMap":{"0":{"start":{"line":3,"column":30},"end":{"line":6,"column":2}},"1":{"start":{"line":3,"column":39},"end":{"line":6,"column":1}},"2":{"start":{"line":8,"column":30},"end":{"line":11,"column":2}},"3":{"start":{"line":8,"column":40},"end":{"line":11,"column":1}},"4":{"start":{"line":13,"column":21},"end":{"line":16,"column":2}},"5":{"start":{"line":13,"column":31},"end":{"line":16,"column":1}},"6":{"start":{"line":18,"column":27},"end":{"line":21,"column":2}},"7":{"start":{"line":18,"column":37},"end":{"line":21,"column":1}}},"fnMap":{"0":{"name":"(anonymous_0)","decl":{"start":{"line":3,"column":30},"end":{"line":3,"column":31}},"loc":{"start":{"line":3,"column":39},"end":{"line":6,"column":1}},"line":3},"1":{"name":"(anonymous_1)","decl":{"start":{"line":8,"column":30},"end":{"line":8,"column":31}},"loc":{"start":{"line":8,"column":40},"end":{"line":11,"column":1}},"line":8},"2":{"name":"(anonymous_2)","decl":{"start":{"line":13,"column":21},"end":{"line":13,"column":22}},"loc":{"start":{"line":13,"column":31},"end":{"line":16,"column":1}},"line":13},"3":{"name":"(anonymous_3)","decl":{"start":{"line":18,"column":27},"end":{"line":18,"column":28}},"loc":{"start":{"line":18,"column":37},"end":{"line":21,"column":1}},"line":18}},"branchMap":{},"s":{"0":4,"1":2,"2":4,"3":2,"4":4,"5":4,"6":4,"7":3},"f":{"0":2,"1":2,"2":4,"3":3},"b":{},"_coverageSchema":"332fd63041d2c1bcb487cc26dd0d5f7d97098a6c","hash":"d3f7a891ce0bc78aa9e58b59b5be7a9bc3dc6332"}
,"/Users/igorvolk/WebstormProjects/sainsburys-test/src/redux/appReducer.js": {"path":"/Users/igorvolk/WebstormProjects/sainsburys-test/src/redux/appReducer.js","statementMap":{"0":{"start":{"line":3,"column":21},"end":{"line":5,"column":1}},"1":{"start":{"line":7,"column":19},"end":{"line":16,"column":1}},"2":{"start":{"line":8,"column":2},"end":{"line":15,"column":3}},"3":{"start":{"line":10,"column":6},"end":{"line":12,"column":8}},"4":{"start":{"line":14,"column":6},"end":{"line":14,"column":19}}},"fnMap":{"0":{"name":"(anonymous_0)","decl":{"start":{"line":7,"column":19},"end":{"line":7,"column":20}},"loc":{"start":{"line":7,"column":53},"end":{"line":16,"column":1}},"line":7}},"branchMap":{"0":{"loc":{"start":{"line":7,"column":20},"end":{"line":7,"column":40}},"type":"default-arg","locations":[{"start":{"line":7,"column":28},"end":{"line":7,"column":40}}],"line":7},"1":{"loc":{"start":{"line":8,"column":2},"end":{"line":15,"column":3}},"type":"switch","locations":[{"start":{"line":9,"column":4},"end":{"line":12,"column":8}},{"start":{"line":13,"column":4},"end":{"line":14,"column":19}}],"line":8}},"s":{"0":1,"1":1,"2":1,"3":1,"4":0},"f":{"0":1},"b":{"0":[0],"1":[1,0]},"_coverageSchema":"332fd63041d2c1bcb487cc26dd0d5f7d97098a6c","hash":"99f5ddff17e4ba11b1382ffef1f6da0e3374d0f9"}
,"/Users/igorvolk/WebstormProjects/sainsburys-test/src/redux/dispatchers.js": {"path":"/Users/igorvolk/WebstormProjects/sainsburys-test/src/redux/dispatchers.js","statementMap":{"0":{"start":{"line":10,"column":17},"end":{"line":17,"column":1}},"1":{"start":{"line":10,"column":23},"end":{"line":17,"column":1}},"2":{"start":{"line":11,"column":2},"end":{"line":16,"column":3}},"3":{"start":{"line":12,"column":17},"end":{"line":12,"column":39}},"4":{"start":{"line":13,"column":4},"end":{"line":13,"column":42}},"5":{"start":{"line":15,"column":4},"end":{"line":15,"column":43}},"6":{"start":{"line":19,"column":15},"end":{"line":25,"column":1}},"7":{"start":{"line":19,"column":35},"end":{"line":25,"column":1}},"8":{"start":{"line":20,"column":2},"end":{"line":20,"column":32}},"9":{"start":{"line":21,"column":16},"end":{"line":21,"column":26}},"10":{"start":{"line":22,"column":2},"end":{"line":24,"column":3}},"11":{"start":{"line":23,"column":4},"end":{"line":23,"column":29}},"12":{"start":{"line":27,"column":27},"end":{"line":29,"column":1}},"13":{"start":{"line":27,"column":36},"end":{"line":29,"column":1}},"14":{"start":{"line":28,"column":2},"end":{"line":28,"column":38}}},"fnMap":{"0":{"name":"(anonymous_0)","decl":{"start":{"line":10,"column":17},"end":{"line":10,"column":18}},"loc":{"start":{"line":10,"column":23},"end":{"line":17,"column":1}},"line":10},"1":{"name":"(anonymous_1)","decl":{"start":{"line":10,"column":23},"end":{"line":10,"column":24}},"loc":{"start":{"line":10,"column":41},"end":{"line":17,"column":1}},"line":10},"2":{"name":"(anonymous_2)","decl":{"start":{"line":19,"column":15},"end":{"line":19,"column":16}},"loc":{"start":{"line":19,"column":35},"end":{"line":25,"column":1}},"line":19},"3":{"name":"(anonymous_3)","decl":{"start":{"line":19,"column":35},"end":{"line":19,"column":36}},"loc":{"start":{"line":19,"column":59},"end":{"line":25,"column":1}},"line":19},"4":{"name":"(anonymous_4)","decl":{"start":{"line":27,"column":27},"end":{"line":27,"column":28}},"loc":{"start":{"line":27,"column":36},"end":{"line":29,"column":1}},"line":27},"5":{"name":"(anonymous_5)","decl":{"start":{"line":27,"column":36},"end":{"line":27,"column":37}},"loc":{"start":{"line":27,"column":48},"end":{"line":29,"column":1}},"line":27}},"branchMap":{"0":{"loc":{"start":{"line":22,"column":2},"end":{"line":24,"column":3}},"type":"if","locations":[{"start":{"line":22,"column":2},"end":{"line":24,"column":3}},{"start":{"line":22,"column":2},"end":{"line":24,"column":3}}],"line":22}},"s":{"0":3,"1":2,"2":2,"3":2,"4":1,"5":1,"6":3,"7":3,"8":3,"9":3,"10":3,"11":3,"12":3,"13":1,"14":1},"f":{"0":2,"1":2,"2":3,"3":3,"4":1,"5":1},"b":{"0":[3,0]},"_coverageSchema":"332fd63041d2c1bcb487cc26dd0d5f7d97098a6c","hash":"f066081ea4a10c49e9c8ebeedfa04272995af2a2"}
,"/Users/igorvolk/WebstormProjects/sainsburys-test/src/redux/rootReducer.js": {"path":"/Users/igorvolk/WebstormProjects/sainsburys-test/src/redux/rootReducer.js","statementMap":{"0":{"start":{"line":1,"column":13},"end":{"line":1,"column":75}},"1":{"start":{"line":1,"column":88},"end":{"line":1,"column":104}},"2":{"start":{"line":2,"column":21},"end":{"line":2,"column":47}},"3":{"start":{"line":2,"column":70},"end":{"line":2,"column":108}},"4":{"start":{"line":3,"column":18},"end":{"line":3,"column":41}},"5":{"start":{"line":3,"column":61},"end":{"line":3,"column":96}},"6":{"start":{"line":3,"column":135},"end":{"line":3,"column":189}},"7":{"start":{"line":3,"column":190},"end":{"line":7,"column":31}}},"fnMap":{"0":{"name":"_interopRequireDefault","decl":{"start":{"line":3,"column":106},"end":{"line":3,"column":128}},"loc":{"start":{"line":3,"column":134},"end":{"line":3,"column":190}},"line":3}},"branchMap":{"0":{"loc":{"start":{"line":3,"column":142},"end":{"line":3,"column":188}},"type":"cond-expr","locations":[{"start":{"line":3,"column":166},"end":{"line":3,"column":169}},{"start":{"line":3,"column":172},"end":{"line":3,"column":188}}],"line":3},"1":{"loc":{"start":{"line":3,"column":142},"end":{"line":3,"column":163}},"type":"binary-expr","locations":[{"start":{"line":3,"column":142},"end":{"line":3,"column":145}},{"start":{"line":3,"column":149},"end":{"line":3,"column":163}}],"line":3}},"s":{"0":0,"1":0,"2":0,"3":0,"4":0,"5":0,"6":0,"7":0},"f":{"0":0},"b":{"0":[0,0],"1":[0,0]}}
,"/Users/igorvolk/WebstormProjects/sainsburys-test/src/redux/searchReducer.js": {"path":"/Users/igorvolk/WebstormProjects/sainsburys-test/src/redux/searchReducer.js","statementMap":{"0":{"start":{"line":1,"column":13},"end":{"line":1,"column":75}},"1":{"start":{"line":1,"column":88},"end":{"line":1,"column":106}},"2":{"start":{"line":1,"column":121},"end":{"line":1,"column":151}},"3":{"start":{"line":1,"column":190},"end":{"line":1,"column":244}},"4":{"start":{"line":3,"column":21},"end":{"line":6,"column":15}},"5":{"start":{"line":9,"column":15},"end":{"line":11,"column":1}},"6":{"start":{"line":10,"column":2},"end":{"line":10,"column":43}},"7":{"start":{"line":13,"column":22},"end":{"line":33,"column":1}},"8":{"start":{"line":14,"column":2},"end":{"line":31,"column":20}},"9":{"start":{"line":16,"column":6},"end":{"line":18,"column":29}},"10":{"start":{"line":21,"column":6},"end":{"line":23,"column":31}},"11":{"start":{"line":26,"column":6},"end":{"line":28,"column":59}},"12":{"start":{"line":31,"column":6},"end":{"line":31,"column":19}},"13":{"start":{"line":33,"column":2},"end":{"line":35,"column":14}}},"fnMap":{"0":{"name":"_interopRequireDefault","decl":{"start":{"line":1,"column":161},"end":{"line":1,"column":183}},"loc":{"start":{"line":1,"column":189},"end":{"line":1,"column":245}},"line":1},"1":{"name":"(anonymous_1)","decl":{"start":{"line":9,"column":15},"end":{"line":9,"column":16}},"loc":{"start":{"line":9,"column":32},"end":{"line":11,"column":1}},"line":9},"2":{"name":"(anonymous_2)","decl":{"start":{"line":13,"column":22},"end":{"line":13,"column":23}},"loc":{"start":{"line":13,"column":56},"end":{"line":33,"column":1}},"line":13}},"branchMap":{"0":{"loc":{"start":{"line":1,"column":197},"end":{"line":1,"column":243}},"type":"cond-expr","locations":[{"start":{"line":1,"column":221},"end":{"line":1,"column":224}},{"start":{"line":1,"column":227},"end":{"line":1,"column":243}}],"line":1},"1":{"loc":{"start":{"line":1,"column":197},"end":{"line":1,"column":218}},"type":"binary-expr","locations":[{"start":{"line":1,"column":197},"end":{"line":1,"column":200}},{"start":{"line":1,"column":204},"end":{"line":1,"column":218}}],"line":1},"2":{"loc":{"start":{"line":10,"column":9},"end":{"line":10,"column":42}},"type":"cond-expr","locations":[{"start":{"line":10,"column":31},"end":{"line":10,"column":35}},{"start":{"line":10,"column":38},"end":{"line":10,"column":42}}],"line":10},"3":{"loc":{"start":{"line":13,"column":23},"end":{"line":13,"column":43}},"type":"default-arg","locations":[{"start":{"line":13,"column":31},"end":{"line":13,"column":43}}],"line":13},"4":{"loc":{"start":{"line":14,"column":2},"end":{"line":31,"column":20}},"type":"switch","locations":[{"start":{"line":15,"column":4},"end":{"line":18,"column":29}},{"start":{"line":20,"column":4},"end":{"line":23,"column":31}},{"start":{"line":25,"column":4},"end":{"line":28,"column":59}},{"start":{"line":30,"column":4},"end":{"line":31,"column":19}}],"line":14}},"s":{"0":0,"1":0,"2":0,"3":0,"4":0,"5":0,"6":0,"7":0,"8":0,"9":0,"10":0,"11":0,"12":0,"13":0},"f":{"0":0,"1":0,"2":0},"b":{"0":[0,0],"1":[0,0],"2":[0,0],"3":[0],"4":[0,0,0,0]}}
,"/Users/igorvolk/WebstormProjects/sainsburys-test/src/redux/selectors.js": {"path":"/Users/igorvolk/WebstormProjects/sainsburys-test/src/redux/selectors.js","statementMap":{"0":{"start":{"line":1,"column":25},"end":{"line":3,"column":1}},"1":{"start":{"line":2,"column":2},"end":{"line":2,"column":36}},"2":{"start":{"line":5,"column":24},"end":{"line":7,"column":1}},"3":{"start":{"line":6,"column":2},"end":{"line":6,"column":32}}},"fnMap":{"0":{"name":"(anonymous_0)","decl":{"start":{"line":1,"column":25},"end":{"line":1,"column":26}},"loc":{"start":{"line":1,"column":34},"end":{"line":3,"column":1}},"line":1},"1":{"name":"(anonymous_1)","decl":{"start":{"line":5,"column":24},"end":{"line":5,"column":25}},"loc":{"start":{"line":5,"column":33},"end":{"line":7,"column":1}},"line":5}},"branchMap":{},"s":{"0":4,"1":4,"2":4,"3":3},"f":{"0":4,"1":3},"b":{},"_coverageSchema":"332fd63041d2c1bcb487cc26dd0d5f7d97098a6c","hash":"7de1c5cc917389f91dfe3243bdb0a2ce6ca9803a"}
,"/Users/igorvolk/WebstormProjects/sainsburys-test/src/redux/types.js": {"path":"/Users/igorvolk/WebstormProjects/sainsburys-test/src/redux/types.js","statementMap":{"0":{"start":{"line":1,"column":20},"end":{"line":6,"column":1}}},"fnMap":{},"branchMap":{},"s":{"0":4},"f":{},"b":{},"_coverageSchema":"332fd63041d2c1bcb487cc26dd0d5f7d97098a6c","hash":"5a1a31479aad0ce5fef323377b3791c7d72d5c88"}
,"/Users/igorvolk/WebstormProjects/sainsburys-test/src/services/index.js": {"path":"/Users/igorvolk/WebstormProjects/sainsburys-test/src/services/index.js","statementMap":{},"fnMap":{},"branchMap":{},"s":{},"f":{},"b":{},"_coverageSchema":"332fd63041d2c1bcb487cc26dd0d5f7d97098a6c","hash":"83634c740200a9fe93ba83aef381c0000ab0834e"}
,"/Users/igorvolk/WebstormProjects/sainsburys-test/src/services/loadSearchData.js": {"path":"/Users/igorvolk/WebstormProjects/sainsburys-test/src/services/loadSearchData.js","statementMap":{"0":{"start":{"line":3,"column":23},"end":{"line":7,"column":1}},"1":{"start":{"line":4,"column":17},"end":{"line":4,"column":45}},"2":{"start":{"line":6,"column":2},"end":{"line":6,"column":21}}},"fnMap":{"0":{"name":"(anonymous_0)","decl":{"start":{"line":3,"column":23},"end":{"line":3,"column":24}},"loc":{"start":{"line":3,"column":35},"end":{"line":7,"column":1}},"line":3}},"branchMap":{},"s":{"0":3,"1":0,"2":0},"f":{"0":0},"b":{},"_coverageSchema":"332fd63041d2c1bcb487cc26dd0d5f7d97098a6c","hash":"b5618440f5db666f2e614a72d19e0634bba2dfe6"}
}
